[2018-05-12 18:58:39] slim-app.INFO: Slim-Skeleton '/' route [] {"uid":"faca632"}
[2018-05-12 18:58:39] slim-app.INFO: Slim-Skeleton '/' route [] {"uid":"46e035e"}
[2018-05-12 19:00:38] slim-app.INFO: Slim-Skeleton '/' route [] {"uid":"71d1db1"}
[2018-05-12 19:01:17] slim-app.INFO: Slim-Skeleton '/' route [] {"uid":"60d21aa"}
[2018-05-12 19:01:45] slim-app.INFO: Slim-Skeleton '/' route [] {"uid":"5d9b01c"}
[2018-05-12 19:01:48] slim-app.INFO: Slim-Skeleton '/' route [] {"uid":"b137afd"}
[2018-05-12 19:01:51] slim-app.INFO: Slim-Skeleton '/' route [] {"uid":"e049c03"}
[2018-05-12 19:05:00] slim-app.INFO: Slim-Skeleton '/' route [] {"uid":"3d0da32"}
[2018-05-12 19:05:05] slim-app.INFO: Slim-Skeleton '/' route [] {"uid":"3d4fc9f"}
[2018-05-12 19:05:07] slim-app.INFO: Slim-Skeleton '/' route [] {"uid":"190373f"}
[2018-05-12 19:05:27] slim-app.INFO: Slim-Skeleton '/' route [] {"uid":"2be724e"}
[2018-05-12 19:36:05] slim-app.INFO: Slim-Skeleton '/' route [] {"uid":"f1117d4"}
[2018-05-12 19:36:21] slim-app.INFO: Slim-Skeleton '/' route [] {"uid":"07c0414"}
[2018-05-12 19:36:21] slim-app.INFO: Slim-Skeleton '/' route [] {"uid":"8b0a276"}
[2018-05-12 19:36:27] slim-app.INFO: Slim-Skeleton '/' route [] {"uid":"cb6509d"}
[2018-05-12 19:36:38] slim-app.INFO: Slim-Skeleton '/' route [] {"uid":"bb2dbd9"}
[2018-05-12 19:36:50] slim-app.INFO: Slim-Skeleton '/' route [] {"uid":"39d5baa"}
[2018-05-12 19:36:51] slim-app.INFO: Slim-Skeleton '/' route [] {"uid":"e136126"}
[2018-05-12 19:36:51] slim-app.INFO: Slim-Skeleton '/' route [] {"uid":"67d4315"}
[2018-05-12 19:38:59] slim-app.INFO: Slim-Skeleton '/' route [] {"uid":"430fc5a"}
[2018-05-12 20:46:37] slim-app.INFO: Slim-Skeleton '/' route [] {"uid":"1bea1a0"}
[2018-05-12 20:48:34] slim-app.INFO: Slim-Skeleton '/' route [] {"uid":"0e124de"}
[2018-05-12 20:54:09] slim-app.INFO: Slim-Skeleton '/' route [] {"uid":"efb4d29"}
[2018-05-12 20:54:42] slim-app.INFO: Slim-Skeleton '/' route [] {"uid":"1e70fe3"}
[2018-05-12 20:58:48] slim-app.INFO: Slim-Skeleton '/' route [] {"uid":"ef8f4b0"}
[2018-05-12 20:58:55] slim-app.INFO: Slim-Skeleton '/' route [] {"uid":"2ec2dc4"}
[2018-05-12 21:06:37] slim-app.INFO: Slim-Skeleton '/' route [] {"uid":"1649b58"}
[2018-05-12 21:09:20] slim-app.INFO: Slim-Skeleton '/' route [] {"uid":"b15aca1"}
[2018-05-12 21:09:23] slim-app.INFO: Slim-Skeleton '/' route [] {"uid":"4f37878"}
[2018-05-12 21:11:15] slim-app.INFO: Slim-Skeleton '/' route [] {"uid":"f42d5fc"}
[2018-05-12 21:14:48] slim-app.INFO: Slim-Skeleton '/' route [] {"uid":"4f802b2"}
[2018-05-12 21:17:44] slim-app.INFO: Slim-Skeleton '/' route [] {"uid":"126654b"}
[2018-05-12 21:19:20] slim-app.INFO: Slim-Skeleton '/' route [] {"uid":"94ea7ff"}
[2018-05-12 21:21:08] slim-app.INFO: Slim-Skeleton '/' route [] {"uid":"2da39f6"}
[2018-05-12 21:28:34] slim-app.INFO: Slim-Skeleton '/' route [] {"uid":"31709ad"}
[2018-05-12 21:31:11] slim-app.INFO: Slim-Skeleton '/' route [] {"uid":"a211adb"}
[2018-05-12 21:34:53] slim-app.INFO: Slim-Skeleton '/' route [] {"uid":"a3b426c"}
[2018-05-12 21:38:09] slim-app.INFO: Slim-Skeleton '/' route [] {"uid":"c955aca"}
[2018-05-12 21:38:58] slim-app.INFO: Slim-Skeleton '/' route [] {"uid":"d28e3e2"}
[2018-05-12 21:40:18] slim-app.INFO: Slim-Skeleton '/' route [] {"uid":"2afd2ab"}
[2018-05-12 21:41:40] slim-app.INFO: Slim-Skeleton '/' route [] {"uid":"820b060"}
[2018-05-12 21:43:01] slim-app.INFO: Slim-Skeleton '/' route [] {"uid":"95ed0be"}
[2018-05-12 21:43:58] slim-app.INFO: Slim-Skeleton '/' route [] {"uid":"50e5424"}
[2018-05-12 21:44:50] slim-app.INFO: Slim-Skeleton '/' route [] {"uid":"09f69c3"}
[2018-05-12 21:45:02] slim-app.INFO: Slim-Skeleton '/' route [] {"uid":"8eca328"}
[2018-05-12 21:47:39] slim-app.INFO: Slim-Skeleton '/' route [] {"uid":"526eb51"}
[2018-05-12 21:48:06] slim-app.INFO: Slim-Skeleton '/' route [] {"uid":"5eecd58"}
[2018-05-12 21:50:43] slim-app.INFO: Slim-Skeleton '/' route [] {"uid":"5f190ff"}
[2018-05-12 21:50:49] slim-app.INFO: Slim-Skeleton '/' route [] {"uid":"543612f"}
[2018-05-12 21:51:23] slim-app.INFO: Slim-Skeleton '/' route [] {"uid":"ccde120"}
[2018-05-12 21:53:46] slim-app.INFO: Slim-Skeleton '/' route [] {"uid":"6cadec3"}
[2018-05-12 21:54:45] slim-app.INFO: Slim-Skeleton '/' route [] {"uid":"a20566e"}
[2018-05-12 21:59:11] slim-app.INFO: Slim-Skeleton '/' route [] {"uid":"2f44a0d"}
[2018-05-12 21:59:25] slim-app.INFO: Slim-Skeleton '/' route [] {"uid":"ab9606d"}
[2018-05-12 21:59:58] slim-app.INFO: Slim-Skeleton '/' route [] {"uid":"ddf9518"}
[2018-05-12 22:00:37] slim-app.INFO: Slim-Skeleton '/' route [] {"uid":"f5de22b"}
[2018-05-14 00:01:32] slim-app.INFO: Slim-Skeleton '/' route [] {"uid":"c66f9fd"}
[2018-05-14 00:05:43] slim-app.INFO: Slim-Skeleton '/' route [] {"uid":"d77ee90"}
[2018-05-14 00:16:41] slim-app.INFO: Slim-Skeleton '/' route [] {"uid":"e3bcda9"}
[2018-05-14 01:32:39] slim-app.INFO: Slim-Skeleton '/' route [] {"uid":"f845043"}
[2018-05-14 01:33:33] slim-app.INFO: Slim-Skeleton '/' route [] {"uid":"1d54220"}
[2018-05-14 01:33:53] slim-app.INFO: Slim-Skeleton '/' route [] {"uid":"2962a3a"}
[2018-05-14 01:38:00] slim-app.INFO: Slim-Skeleton '/' route [] {"uid":"68a2333"}
[2018-05-14 01:45:11] slim-app.INFO: Slim-Skeleton '/' route [] {"uid":"627c3fb"}
[2018-05-14 01:45:50] slim-app.INFO: Slim-Skeleton '/' route [] {"uid":"a70c4be"}
[2018-05-14 01:46:53] slim-app.INFO: Slim-Skeleton '/' route [] {"uid":"ac56497"}
[2018-05-14 01:48:11] slim-app.INFO: Slim-Skeleton '/' route [] {"uid":"91362c9"}
[2018-05-14 01:50:03] slim-app.INFO: Slim-Skeleton '/' route [] {"uid":"0e8e23d"}
[2018-05-14 02:01:35] slim-app.INFO: Slim-Skeleton '/' route [] {"uid":"ef21746"}
[2018-05-14 02:02:06] slim-app.INFO: Slim-Skeleton '/' route [] {"uid":"d30c997"}
[2018-05-14 02:10:55] slim-app.INFO: Slim-Skeleton '/' route [] {"uid":"f565855"}
[2018-05-14 02:12:03] slim-app.INFO: Slim-Skeleton '/' route [] {"uid":"7ccdd48"}
[2018-05-14 02:20:29] slim-app.INFO: Slim-Skeleton '/' route [] {"uid":"9e1f108"}
[2018-05-14 02:21:36] slim-app.INFO: Slim-Skeleton '/' route [] {"uid":"9d86f7e"}
[2018-05-14 02:21:48] slim-app.INFO: Slim-Skeleton '/' route [] {"uid":"a226ff5"}
[2018-05-14 02:29:57] slim-app.INFO: Slim-Skeleton '/' route [] {"uid":"b42fbb1"}
[2018-05-14 02:31:35] slim-app.INFO: Slim-Skeleton '/' route [] {"uid":"5c035dd"}
[2018-05-14 02:32:56] slim-app.INFO: Slim-Skeleton '/' route [] {"uid":"e9b501d"}
[2018-05-14 02:33:45] slim-app.INFO: Slim-Skeleton '/' route [] {"uid":"adc20f3"}
[2018-05-14 02:34:51] slim-app.INFO: Slim-Skeleton '/' route [] {"uid":"9aef8d8"}
[2018-05-14 02:37:47] slim-app.INFO: Slim-Skeleton '/' route [] {"uid":"c89ae89"}
[2018-05-14 02:39:31] slim-app.INFO: Slim-Skeleton '/' route [] {"uid":"dd85ec6"}
[2018-05-14 02:41:46] slim-app.INFO: Slim-Skeleton '/' route [] {"uid":"c64527f"}
[2018-05-14 02:44:02] slim-app.INFO: Slim-Skeleton '/' route [] {"uid":"7ad331e"}
[2018-05-14 03:11:53] slim-app.INFO: Slim-Skeleton '/' route [] {"uid":"50ff592"}
[2018-05-14 03:12:25] slim-app.INFO: Slim-Skeleton '/' route [] {"uid":"7a42439"}
[2018-05-14 03:40:20] slim-app.INFO: Slim-Skeleton '/' route [] {"uid":"c7e5942"}
[2018-05-14 03:43:13] slim-app.INFO: Slim-Skeleton '/' route [] {"uid":"48d4681"}
[2018-05-14 03:43:34] slim-app.INFO: Slim-Skeleton '/' route [] {"uid":"946fd13"}
[2018-05-14 03:51:21] slim-app.INFO: Slim-Skeleton '/' route [] {"uid":"ebe4631"}
[2018-05-14 03:59:11] slim-app.INFO: Slim-Skeleton '/' route [] {"uid":"42a9abe"}
[2018-05-14 04:01:44] slim-app.INFO: Slim-Skeleton '/' route [] {"uid":"7c76983"}
[2018-05-14 04:03:49] slim-app.INFO: Slim-Skeleton '/' route [] {"uid":"44e7fe6"}
[2018-05-14 04:06:56] slim-app.INFO: Slim-Skeleton '/' route [] {"uid":"6cada60"}
[2018-05-14 04:11:51] slim-app.INFO: Slim-Skeleton '/' route [] {"uid":"ba90728"}
[2018-05-14 04:20:14] slim-app.INFO: Slim-Skeleton '/' route [] {"uid":"7825245"}
[2018-05-14 04:20:33] slim-app.INFO: Slim-Skeleton '/' route [] {"uid":"26515de"}
[2018-05-14 04:21:43] slim-app.INFO: Slim-Skeleton '/' route [] {"uid":"52d3fff"}
[2018-05-14 04:24:06] slim-app.INFO: Slim-Skeleton '/' route [] {"uid":"ed12f27"}
[2018-05-14 04:27:08] slim-app.INFO: Slim-Skeleton '/' route [] {"uid":"44c3014"}
[2018-05-14 04:31:29] slim-app.INFO: Slim-Skeleton '/' route [] {"uid":"065b9ae"}
[2018-05-14 04:32:20] slim-app.INFO: Slim-Skeleton '/' route [] {"uid":"78c8e4c"}
[2018-05-14 04:33:34] slim-app.INFO: Slim-Skeleton '/' route [] {"uid":"8169d41"}
[2018-05-14 04:39:55] slim-app.INFO: Slim-Skeleton '/' route [] {"uid":"292f3f6"}
[2018-05-14 04:41:38] slim-app.INFO: Slim-Skeleton '/' route [] {"uid":"ff86a07"}
[2018-05-14 04:42:30] slim-app.INFO: Slim-Skeleton '/' route [] {"uid":"dcc30b8"}
[2018-05-14 04:52:10] slim-app.INFO: Slim-Skeleton '/' route [] {"uid":"bcbb80a"}
[2018-05-14 04:53:03] slim-app.INFO: Slim-Skeleton '/' route [] {"uid":"f5165a8"}
[2018-05-14 04:55:15] slim-app.INFO: Slim-Skeleton '/' route [] {"uid":"59f99ae"}
[2018-05-14 04:55:53] slim-app.INFO: Slim-Skeleton '/' route [] {"uid":"01b2798"}
[2018-05-14 04:56:06] slim-app.INFO: Slim-Skeleton '/' route [] {"uid":"d33214c"}
[2018-05-14 04:56:34] slim-app.INFO: Slim-Skeleton '/' route [] {"uid":"8df260c"}
[2018-05-14 04:57:11] slim-app.INFO: Slim-Skeleton '/' route [] {"uid":"09fbbcf"}
[2018-05-14 04:57:33] slim-app.INFO: Slim-Skeleton '/' route [] {"uid":"1b91367"}
[2018-05-14 04:57:47] slim-app.INFO: Slim-Skeleton '/' route [] {"uid":"2ac7292"}
[2018-05-14 04:58:30] slim-app.INFO: Slim-Skeleton '/' route [] {"uid":"f49faf4"}
[2018-05-14 04:58:54] slim-app.INFO: Slim-Skeleton '/' route [] {"uid":"eb94fe6"}
[2018-05-14 04:59:30] slim-app.INFO: Slim-Skeleton '/' route [] {"uid":"a3e2118"}
[2018-05-14 04:59:47] slim-app.INFO: Slim-Skeleton '/' route [] {"uid":"cf1f832"}
[2018-05-14 05:00:13] slim-app.INFO: Slim-Skeleton '/' route [] {"uid":"42439f2"}
[2018-05-14 05:00:26] slim-app.INFO: Slim-Skeleton '/' route [] {"uid":"a2b3ce9"}
[2018-05-14 05:17:22] slim-app.INFO: Slim-Skeleton '/' route [] {"uid":"7ca49f8"}
[2018-05-14 05:17:24] slim-app.INFO: Slim-Skeleton '/' route [] {"uid":"b6d560c"}
[2018-05-14 05:17:25] slim-app.INFO: Slim-Skeleton '/' route [] {"uid":"ded7d59"}
[2018-05-14 05:17:26] slim-app.INFO: Slim-Skeleton '/' route [] {"uid":"5c9f3ef"}
[2018-05-14 05:17:27] slim-app.INFO: Slim-Skeleton '/' route [] {"uid":"b23ac64"}
[2018-05-14 05:17:28] slim-app.INFO: Slim-Skeleton '/' route [] {"uid":"a004fd9"}
[2018-05-14 05:17:28] slim-app.INFO: Slim-Skeleton '/' route [] {"uid":"9bea341"}
[2018-05-14 05:17:29] slim-app.INFO: Slim-Skeleton '/' route [] {"uid":"f5399ac"}
[2018-05-14 05:17:30] slim-app.INFO: Slim-Skeleton '/' route [] {"uid":"811dc92"}
[2018-05-14 06:24:33] slim-app.INFO: Slim-Skeleton '/' route [] {"uid":"4dab74d"}
[2018-05-14 06:24:36] slim-app.INFO: Slim-Skeleton '/' route [] {"uid":"a44c6f7"}
[2018-05-14 06:24:38] slim-app.INFO: Slim-Skeleton '/' route [] {"uid":"ade1c95"}
[2018-05-14 06:25:02] slim-app.INFO: Slim-Skeleton '/' route [] {"uid":"91182e8"}
[2018-05-14 06:25:04] slim-app.INFO: Slim-Skeleton '/' route [] {"uid":"105fbbe"}
[2018-05-14 06:25:05] slim-app.INFO: Slim-Skeleton '/' route [] {"uid":"dc83ff2"}
[2018-05-14 06:25:06] slim-app.INFO: Slim-Skeleton '/' route [] {"uid":"333d0d4"}
[2018-05-14 06:25:07] slim-app.INFO: Slim-Skeleton '/' route [] {"uid":"8af950c"}
[2018-05-14 06:25:08] slim-app.INFO: Slim-Skeleton '/' route [] {"uid":"e0c79c1"}
[2018-05-14 06:28:35] slim-app.INFO: Slim-Skeleton '/' route [] {"uid":"61c559d"}
[2018-05-14 06:29:32] slim-app.INFO: Slim-Skeleton '/' route [] {"uid":"1d3c30e"}
[2018-05-14 06:29:33] slim-app.INFO: Slim-Skeleton '/' route [] {"uid":"b378f7d"}
[2018-05-14 06:30:26] slim-app.INFO: Slim-Skeleton '/' route [] {"uid":"5071cfc"}
[2018-05-14 06:34:05] slim-app.INFO: Slim-Skeleton '/' route [] {"uid":"8821d4b"}
[2018-05-14 06:42:05] slim-app.INFO: Slim-Skeleton '/' route [] {"uid":"7aa15d3"}
[2018-05-14 06:42:33] slim-app.INFO: Slim-Skeleton '/' route [] {"uid":"cc3c2ff"}
[2018-05-14 06:42:37] slim-app.INFO: Slim-Skeleton '/' route [] {"uid":"0572a1a"}
[2018-05-14 07:19:50] slim-app.INFO: Slim-Skeleton '/' route [] {"uid":"4239cf8"}
[2018-05-14 07:19:55] slim-app.INFO: Slim-Skeleton '/' route [] {"uid":"24f4ebe"}
[2018-05-14 07:19:56] slim-app.INFO: Slim-Skeleton '/' route [] {"uid":"e6d0895"}
[2018-05-14 07:21:58] slim-app.INFO: Slim-Skeleton '/' route [] {"uid":"6f5b38a"}
[2018-05-14 07:22:02] slim-app.INFO: Slim-Skeleton '/' route [] {"uid":"5ae7393"}
[2018-05-14 07:23:07] slim-app.INFO: Slim-Skeleton '/' route [] {"uid":"98849bb"}
[2018-05-14 07:23:14] slim-app.INFO: Slim-Skeleton '/' route [] {"uid":"756ea67"}
[2018-05-14 07:27:37] slim-app.INFO: Slim-Skeleton '/' route [] {"uid":"f2ccc89"}
[2018-05-14 07:27:39] slim-app.INFO: Slim-Skeleton '/' route [] {"uid":"651e613"}
[2018-05-14 07:27:40] slim-app.INFO: Slim-Skeleton '/' route [] {"uid":"8138f10"}
[2018-05-14 07:27:41] slim-app.INFO: Slim-Skeleton '/' route [] {"uid":"a42bb42"}
[2018-05-14 07:27:42] slim-app.INFO: Slim-Skeleton '/' route [] {"uid":"f112aa4"}
[2018-05-15 10:40:02] slim-app.INFO: Slim-Skeleton '/' route [] {"uid":"e4295ce"}
[2018-05-15 10:41:33] slim-app.INFO: Slim-Skeleton '/' route [] {"uid":"242d2ea"}
[2018-05-15 10:44:02] slim-app.INFO: Slim-Skeleton '/' route [] {"uid":"3e0a2f6"}
[2018-05-15 10:48:24] slim-app.INFO: Slim-Skeleton '/' route [] {"uid":"81c110a"}
[2018-05-15 10:49:46] slim-app.INFO: Slim-Skeleton '/' route [] {"uid":"debe84f"}
[2018-05-15 10:49:49] slim-app.INFO: Slim-Skeleton '/' route [] {"uid":"cf06f25"}
[2018-05-15 10:49:51] slim-app.INFO: Slim-Skeleton '/' route [] {"uid":"b782e9c"}
[2018-05-15 10:51:09] slim-app.INFO: Slim-Skeleton '/' route [] {"uid":"cb0a164"}
[2018-05-15 10:51:59] slim-app.INFO: Slim-Skeleton '/' route [] {"uid":"d8a5517"}
[2018-05-15 10:53:35] slim-app.INFO: Slim-Skeleton '/' route [] {"uid":"8e1f41c"}
[2018-05-15 10:54:34] slim-app.INFO: Slim-Skeleton '/' route [] {"uid":"0bc4c72"}
[2018-05-15 10:54:35] slim-app.INFO: Slim-Skeleton '/' route [] {"uid":"b5d8356"}
[2018-05-15 10:54:35] slim-app.INFO: Slim-Skeleton '/' route [] {"uid":"5fe7b33"}
[2018-05-15 10:54:36] slim-app.INFO: Slim-Skeleton '/' route [] {"uid":"76d0140"}
[2018-05-15 10:56:14] slim-app.INFO: Slim-Skeleton '/' route [] {"uid":"7b9ff66"}
[2018-05-15 10:56:45] slim-app.INFO: Slim-Skeleton '/' route [] {"uid":"ab77a6a"}
[2018-05-15 10:57:55] slim-app.INFO: Slim-Skeleton '/' route [] {"uid":"ca982cd"}
[2018-05-15 11:26:14] slim-app.INFO: Slim-Skeleton '/' route [] {"uid":"a6c19af"}
[2018-05-15 11:26:24] slim-app.INFO: Slim-Skeleton '/' route [] {"uid":"af6e610"}
[2018-05-15 11:26:26] slim-app.INFO: Slim-Skeleton '/' route [] {"uid":"3e7f444"}
[2018-05-15 11:26:26] slim-app.INFO: Slim-Skeleton '/' route [] {"uid":"1bbab47"}
[2018-05-15 11:31:56] slim-app.INFO: Slim-Skeleton '/clientes' route [] {"uid":"ec8e656"}
[2018-05-15 11:37:55] slim-app.INFO: Slim-Skeleton '/clientes' route [] {"uid":"cb705d9"}
[2018-05-15 11:39:15] slim-app.INFO: Slim-Skeleton '/clientes' route [] {"uid":"c4f3857"}
[2018-05-15 11:39:25] slim-app.INFO: Slim-Skeleton '/clientes' route [] {"uid":"865507a"}
[2018-05-15 11:43:35] slim-app.INFO: Slim-Skeleton '/clientes' route [] {"uid":"8d43c2b"}
[2018-05-15 11:46:05] slim-app.INFO: Slim-Skeleton '/clientes' route [] {"uid":"77ce91b"}
[2018-05-15 11:47:30] slim-app.INFO: Slim-Skeleton '/clientes' route [] {"uid":"20228fc"}
[2018-05-15 11:50:22] slim-app.INFO: Slim-Skeleton '/clientes' .  route [] {"uid":"b3f5a4c"}
[2018-05-15 11:54:24] slim-app.INFO: Slim-Skeleton '/clientes/'jerson route [] {"uid":"210807a"}
[2018-05-15 11:55:15] slim-app.INFO: Slim-Skeleton '/clientes/jerson' route [] {"uid":"22f3df1"}
[2018-05-15 12:11:36] slim-app.INFO: Slim-Skeleton '/clientes/103' route [] {"uid":"2478731"}
[2018-05-15 12:12:38] slim-app.INFO: Slim-Skeleton '/clientes/103' route [] {"uid":"20ec534"}
[2018-05-15 13:49:20] slim-app.INFO: Slim-Skeleton '/user' route [] {"uid":"d1a427f"}
[2018-05-15 23:19:10] slim-app.INFO: Slim-Skeleton '/user' route [] {"uid":"1cc50f7"}
[2018-05-15 23:20:37] slim-app.INFO: Slim-Skeleton '/user' route [] {"uid":"2258f3c"}
[2018-05-15 23:21:13] slim-app.INFO: Slim-Skeleton '/user' route [] {"uid":"712c5e9"}
[2018-05-15 23:21:14] slim-app.INFO: Slim-Skeleton '/user' route [] {"uid":"9bfb4fb"}
[2018-05-15 23:21:14] slim-app.INFO: Slim-Skeleton '/user' route [] {"uid":"ba6ff66"}
[2018-05-15 23:21:14] slim-app.INFO: Slim-Skeleton '/user' route [] {"uid":"4844ed5"}
[2018-05-15 23:21:55] slim-app.INFO: Slim-Skeleton '/user' route [] {"uid":"b9674ae"}
[2018-05-15 23:21:58] slim-app.INFO: Slim-Skeleton '/user/oi' route [] {"uid":"9eff0bc"}
[2018-05-15 23:22:20] slim-app.INFO: Slim-Skeleton '/user/oi' route [] {"uid":"d71af87"}
[2018-05-15 23:22:21] slim-app.INFO: Slim-Skeleton '/user/oi' route [] {"uid":"466151d"}
[2018-05-15 23:22:35] slim-app.INFO: Slim-Skeleton '/user/oi' route [] {"uid":"ad2e4bd"}
[2018-05-15 23:22:41] slim-app.INFO: Slim-Skeleton '/user/' route [] {"uid":"f795d93"}
[2018-05-15 23:22:42] slim-app.INFO: Slim-Skeleton '/user' route [] {"uid":"271dbbf"}
[2018-05-15 23:26:31] slim-app.INFO: Slim-Skeleton '/user/caio' route [] {"uid":"db73b52"}
[2018-05-15 23:26:49] slim-app.INFO: Slim-Skeleton '/user/caio' route [] {"uid":"29d6265"}
[2018-05-15 23:27:00] slim-app.INFO: Slim-Skeleton '/user/Jerson' route [] {"uid":"a6ad40e"}
[2018-05-15 23:27:06] slim-app.INFO: Slim-Skeleton '/user/jerson' route [] {"uid":"c273913"}
[2018-05-15 23:27:12] slim-app.INFO: Slim-Skeleton '/user/1' route [] {"uid":"6550791"}
[2018-05-15 23:39:59] slim-app.INFO: Slim-Skeleton '/user' route [] {"uid":"ad26781"}
[2018-05-15 23:40:00] slim-app.INFO: Slim-Skeleton '/user' route [] {"uid":"77de590"}
[2018-05-15 23:40:17] slim-app.INFO: Slim-Skeleton '/user/pedro' route [] {"uid":"213f73e"}
[2018-05-15 23:40:18] slim-app.INFO: Slim-Skeleton '/user/pedro' route [] {"uid":"7e18416"}
[2018-05-15 23:45:36] slim-app.INFO: Slim-Skeleton '/user' route [] {"uid":"e519e26"}
[2018-05-15 23:45:36] slim-app.INFO: Slim-Skeleton '/user' route [] {"uid":"69fe4a3"}
[2018-05-16 00:08:27] slim-app.INFO: Slim-Skeleton '/user/Pedro' route [] {"uid":"a9897ce"}
[2018-05-16 00:08:37] slim-app.INFO: Slim-Skeleton '/user/1' route [] {"uid":"cf82c4c"}
[2018-05-16 00:12:44] slim-app.INFO: Slim-Skeleton '/user/[{id}]' route [] {"uid":"846dee8"}
[2018-05-16 00:13:38] slim-app.INFO: Slim-Skeleton '/user/[{id}]' route [] {"uid":"f795f07"}
[2018-05-16 00:13:52] slim-app.INFO: Slim-Skeleton '/user/[{id}]' route [] {"uid":"f0759ac"}
[2018-05-16 00:26:34] slim-app.INFO: Slim-Skeleton '/user/[{id}]' route [] {"uid":"f23db24"}
[2018-05-16 00:31:53] slim-app.INFO: Slim-Skeleton '/user/[{id}]' route [] {"uid":"e6a0505"}
[2018-05-16 00:33:48] slim-app.INFO: Slim-Skeleton '/user/[{id}]' route [] {"uid":"ccd30b4"}
[2018-05-16 00:34:33] slim-app.INFO: Slim-Skeleton '/user/[{id}]' route [] {"uid":"a5bd454"}
[2018-05-16 00:35:47] slim-app.INFO: Slim-Skeleton '/user/[{id}]' route [] {"uid":"0146306"}
[2018-05-16 00:37:47] slim-app.INFO: Slim-Skeleton '/user' route [] {"uid":"093b497"}
[2018-05-16 00:37:48] slim-app.INFO: Slim-Skeleton '/user' route [] {"uid":"1d1a85b"}
[2018-05-16 00:37:48] slim-app.INFO: Slim-Skeleton '/user' route [] {"uid":"6aba8d8"}
[2018-05-16 00:37:52] slim-app.INFO: Slim-Skeleton '/user/[{id}]' route [] {"uid":"d782a92"}
[2018-05-16 00:38:10] slim-app.INFO: Slim-Skeleton '/user/[{id}]' route [] {"uid":"7e6fd2a"}
[2018-05-16 00:38:13] slim-app.INFO: Slim-Skeleton '/user/[{id}]' route [] {"uid":"275c827"}
[2018-05-16 00:38:22] slim-app.INFO: Slim-Skeleton '/user/[{id}]' route [] {"uid":"183bba0"}
[2018-05-16 00:38:27] slim-app.INFO: Slim-Skeleton '/user/[{id}]' route [] {"uid":"2086c35"}
[2018-05-16 00:46:25] slim-app.INFO: Slim-Skeleton '/user/[{id}]' route [] {"uid":"c534b8a"}
[2018-05-16 00:51:48] slim-app.INFO: Slim-Skeleton '/user/[{id}]' route [] {"uid":"7cbf80d"}
[2018-05-16 00:57:34] slim-app.INFO: Slim-Skeleton '/user/[{id}]' route [] {"uid":"b7ffc45"}
[2018-05-16 00:57:46] slim-app.INFO: Slim-Skeleton '/user/[{id}]' route [] {"uid":"11c7ed0"}
[2018-05-16 00:57:50] slim-app.INFO: Slim-Skeleton '/user/[{id}]' route [] {"uid":"8b03b43"}
[2018-05-16 01:06:28] slim-app.INFO: Slim-Skeleton '/user/[{id}]' route [] {"uid":"f4280bd"}
[2018-05-16 01:06:32] slim-app.INFO: Slim-Skeleton '/user/[{id}]' route [] {"uid":"7ea8fe0"}
[2018-05-16 01:06:35] slim-app.INFO: Slim-Skeleton '/user/[{id}]' route [] {"uid":"717c955"}
[2018-05-16 01:06:37] slim-app.INFO: Slim-Skeleton '/user/[{id}]' route [] {"uid":"57c1648"}
[2018-05-16 01:06:48] slim-app.INFO: Slim-Skeleton '/user/[{id}]' route [] {"uid":"7cc0ccd"}
[2018-05-16 01:08:01] slim-app.INFO: Slim-Skeleton '/user/[{id}]' route [] {"uid":"6afd2b9"}
[2018-05-16 01:08:03] slim-app.INFO: Slim-Skeleton '/user' route [] {"uid":"91ee597"}
[2018-05-16 01:08:03] slim-app.INFO: Slim-Skeleton '/user' route [] {"uid":"08e138c"}
[2018-05-16 01:10:13] slim-app.INFO: Slim-Skeleton '/user/[{id}]' route [] {"uid":"0ea186f"}
[2018-05-16 01:10:13] slim-app.INFO: Slim-Skeleton '/user' route [] {"uid":"9f0ade3"}
[2018-05-16 01:10:56] slim-app.INFO: Slim-Skeleton '/user/[{id}]' route [] {"uid":"511ac1f"}
[2018-05-16 01:11:00] slim-app.INFO: Slim-Skeleton '/user' route [] {"uid":"e4137ee"}
[2018-05-16 01:11:16] slim-app.INFO: Slim-Skeleton '/user/[{id}]' route [] {"uid":"6a06028"}
[2018-05-16 01:11:22] slim-app.INFO: Slim-Skeleton '/user' route [] {"uid":"50e7866"}
[2018-05-16 01:15:30] slim-app.INFO: Slim-Skeleton '/user/[{id}]' route [] {"uid":"109ba7e"}
[2018-05-16 01:15:39] slim-app.INFO: Slim-Skeleton '/user/[{id}]' route [] {"uid":"e950651"}
[2018-05-16 01:23:51] slim-app.INFO: Slim-Skeleton '/user/[{id}]' route [] {"uid":"35417c7"}
[2018-05-16 01:26:44] slim-app.INFO: Slim-Skeleton '/user/[{id}]' route [] {"uid":"80e20d6"}
[2018-05-16 01:43:24] slim-app.INFO: Slim-Skeleton '/user' route [] {"uid":"7fa060d"}
[2018-05-16 01:43:26] slim-app.INFO: Slim-Skeleton '/user' route [] {"uid":"bc763f0"}
[2018-05-16 01:43:33] slim-app.INFO: Slim-Skeleton '/user' route [] {"uid":"804e40d"}
[2018-05-16 01:43:37] slim-app.INFO: Slim-Skeleton '/user/[{id}]' route [] {"uid":"dc8d7c9"}
[2018-05-16 01:43:39] slim-app.INFO: Slim-Skeleton '/user/[{id}]' route [] {"uid":"85358fd"}
[2018-05-16 01:43:40] slim-app.INFO: Slim-Skeleton '/user/[{id}]' route [] {"uid":"eb3dc5b"}
[2018-05-16 01:43:46] slim-app.INFO: Slim-Skeleton '/user/[{id}]' route [] {"uid":"67b810a"}
[2018-05-16 01:57:53] slim-app.INFO: Slim-Skeleton '/user' route [] {"uid":"0b1f2a4"}
[2018-05-16 01:57:56] slim-app.INFO: Slim-Skeleton '/user' route [] {"uid":"a57ce37"}
[2018-05-16 01:58:01] slim-app.INFO: Slim-Skeleton '/user' route [] {"uid":"ed6b4d7"}
[2018-05-16 03:20:35] slim-app.INFO: Slim-Skeleton '/user/[{id}]' route [] {"uid":"3665fae"}
[2018-05-16 03:32:59] slim-app.INFO: Slim-Skeleton '/user' route [] {"uid":"036338b"}
[2018-05-16 03:33:26] slim-app.INFO: Slim-Skeleton '/user/[{id}]' route [] {"uid":"0855bb7"}
[2018-05-16 03:36:02] slim-app.INFO: Slim-Skeleton '/user' route [] {"uid":"a0e65b8"}
[2018-05-16 12:40:22] slim-app.INFO: Slim-Skeleton '/user' route [] {"uid":"8df76ae"}
[2018-05-16 12:40:25] slim-app.INFO: Slim-Skeleton '/user' route [] {"uid":"6e8f299"}
[2018-05-16 12:52:37] slim-app.INFO: Slim-Skeleton '/user' route [] {"uid":"2d2ce4d"}
[2018-05-16 12:56:50] slim-app.INFO: Slim-Skeleton '/user' route [] {"uid":"c9de40a"}
[2018-05-16 12:57:53] slim-app.INFO: Slim-Skeleton '/user' route [] {"uid":"573211e"}
[2018-05-16 12:58:31] slim-app.INFO: Slim-Skeleton '/user' route [] {"uid":"58f2eba"}
[2018-05-16 13:05:39] slim-app.INFO: Slim-Skeleton '/user' route [] {"uid":"8e508cd"}
[2018-05-16 13:06:12] slim-app.INFO: Slim-Skeleton '/user' route [] {"uid":"dfaa450"}
[2018-05-16 13:06:29] slim-app.INFO: Slim-Skeleton '/user' route [] {"uid":"225c635"}
[2018-05-16 13:06:35] slim-app.INFO: Slim-Skeleton '/user' route [] {"uid":"5d3f70d"}
[2018-05-16 13:12:13] slim-app.INFO: Slim-Skeleton '/user' route [] {"uid":"69bd451"}
[2018-05-16 13:40:17] slim-app.INFO: Slim-Skeleton '/user/[{id}]' route [] {"uid":"70309f3"}
[2018-05-16 13:40:37] slim-app.INFO: Slim-Skeleton '/user' route [] {"uid":"9ede1fb"}
[2018-05-16 13:41:50] slim-app.INFO: Slim-Skeleton '/user' route [] {"uid":"b060736"}
[2018-05-16 14:00:41] slim-app.INFO: Slim-Skeleton '/user' route [] {"uid":"a324e43"}
[2018-05-16 14:07:53] slim-app.INFO: Slim-Skeleton '/user' route [] {"uid":"2497f9a"}
[2018-05-16 16:24:04] slim-app.INFO: Slim-Skeleton '/user' route [] {"uid":"44cd27b"}
[2018-05-16 16:26:42] slim-app.INFO: Slim-Skeleton '/user' route [] {"uid":"a68dfa9"}
[2018-05-16 16:27:37] slim-app.INFO: Slim-Skeleton '/user' route [] {"uid":"f3d8d2a"}
[2018-05-16 16:55:56] slim-app.INFO: Slim-Skeleton '/user' route [] {"uid":"d863857"}
[2018-05-16 16:55:56] slim-app.INFO: Slim-Skeleton '/user' route [] {"uid":"f6806ef"}
[2018-05-16 16:55:56] slim-app.INFO: Slim-Skeleton '/user' route [] {"uid":"c91b30d"}
[2018-05-16 17:17:41] slim-app.INFO: Slim-Skeleton '/user' route [] {"uid":"532737f"}
[2018-05-16 18:36:40] slim-app.INFO: Slim-Skeleton '/user' route [] {"uid":"c30707d"}
[2018-05-16 18:37:37] slim-app.INFO: Slim-Skeleton '/user' route [] {"uid":"65f5e10"}
[2018-05-16 18:37:45] slim-app.INFO: Slim-Skeleton '/user' route [] {"uid":"4a821f4"}
[2018-05-16 18:37:46] slim-app.INFO: Slim-Skeleton '/user' route [] {"uid":"222d520"}
[2018-05-16 18:37:47] slim-app.INFO: Slim-Skeleton '/user' route [] {"uid":"89cd36c"}
[2018-05-16 18:37:48] slim-app.INFO: Slim-Skeleton '/user' route [] {"uid":"8697451"}
[2018-05-16 18:37:49] slim-app.INFO: Slim-Skeleton '/user' route [] {"uid":"6f14843"}
[2018-05-16 18:37:58] slim-app.INFO: Slim-Skeleton '/user' route [] {"uid":"d11b7b0"}
[2018-05-16 18:37:59] slim-app.INFO: Slim-Skeleton '/user' route [] {"uid":"919cc36"}
[2018-05-16 18:38:16] slim-app.INFO: Slim-Skeleton '/user' route [] {"uid":"aad1d11"}
[2018-05-16 18:38:17] slim-app.INFO: Slim-Skeleton '/user' route [] {"uid":"bf80811"}
[2018-05-16 18:38:18] slim-app.INFO: Slim-Skeleton '/user' route [] {"uid":"84ff8ac"}
[2018-05-16 18:42:10] slim-app.INFO: Slim-Skeleton '/user' route [] {"uid":"4918219"}
[2018-05-16 18:42:55] slim-app.INFO: Slim-Skeleton '/user' route [] {"uid":"0aa7fb4"}
[2018-05-16 18:43:27] slim-app.INFO: Slim-Skeleton '/user' route [] {"uid":"101b256"}
[2018-05-16 18:43:41] slim-app.INFO: Slim-Skeleton '/user' route [] {"uid":"310fee5"}
[2018-05-16 19:08:52] slim-app.INFO: Slim-Skeleton '/user' route [] {"uid":"67045d5"}
[2018-05-17 01:15:20] slim-app.INFO: Slim-Skeleton '/user/[{id}]' route [] {"uid":"8988337"}
[2018-05-17 01:15:29] slim-app.INFO: Slim-Skeleton '/user/[{id}]' route [] {"uid":"efbc659"}
[2018-05-17 01:16:31] slim-app.INFO: Slim-Skeleton '/user/[{id}]' route [] {"uid":"028c007"}
[2018-05-17 01:16:34] slim-app.INFO: Slim-Skeleton '/user/[{id}]' route [] {"uid":"e8bbc89"}
[2018-05-17 01:16:49] slim-app.INFO: Slim-Skeleton '/user/[{id}]' route [] {"uid":"13f7998"}
[2018-05-17 01:20:21] slim-app.INFO: Slim-Skeleton '/user/[{id}]' route [] {"uid":"652c318"}
[2018-05-17 01:24:58] slim-app.INFO: Slim-Skeleton '/user/[{id}]' route [] {"uid":"9dfaa8b"}
[2018-05-17 01:28:53] slim-app.INFO: Slim-Skeleton '/user/[{id}]' route [] {"uid":"e9ca54b"}
[2018-05-20 23:47:12] slim-app.INFO: Slim-Skeleton '/user/[{id}]' route [] {"uid":"ce0a1dc"}
[2018-05-20 23:48:31] slim-app.INFO: Slim-Skeleton '/user/[{id}]' route [] {"uid":"d075821"}
[2018-05-20 23:53:42] slim-app.INFO: Slim-Skeleton '/user/[{id}]' route [] {"uid":"32cbdc1"}
[2018-05-20 23:55:43] slim-app.INFO: Slim-Skeleton '/user/[{id}]' route [] {"uid":"396ffcc"}
[2018-05-20 23:56:47] slim-app.INFO: Slim-Skeleton '/user/[{id}]' route [] {"uid":"3eca8d4"}
[2018-05-20 23:57:08] slim-app.INFO: Slim-Skeleton '/user/[{id}]' route [] {"uid":"5ca1dca"}
[2018-05-20 23:57:46] slim-app.INFO: Slim-Skeleton '/user/[{id}]' route [] {"uid":"9386bad"}
[2018-05-20 23:59:47] slim-app.INFO: Slim-Skeleton '/user/[{id}]' route [] {"uid":"6e2ceb3"}
[2018-05-21 00:00:06] slim-app.INFO: Slim-Skeleton '/user/[{id}]' route [] {"uid":"9ce8f93"}
[2018-05-21 00:00:20] slim-app.INFO: Slim-Skeleton '/user/[{id}]' route [] {"uid":"e07b866"}
[2018-05-21 00:06:53] slim-app.INFO: Slim-Skeleton '/user/[{id}]' route [] {"uid":"dee9d35"}
[2018-05-21 00:08:04] slim-app.INFO: Slim-Skeleton '/user/[{id}]' route [] {"uid":"8515bb8"}
[2018-05-21 00:09:11] slim-app.INFO: Slim-Skeleton '/user/[{id}]' route [] {"uid":"fc751f0"}
[2018-05-21 00:10:04] slim-app.INFO: Slim-Skeleton '/user/[{id}]' route [] {"uid":"d0d7d33"}
[2018-05-21 00:10:15] slim-app.INFO: Slim-Skeleton '/user/[{id}]' route [] {"uid":"c62d0d6"}
[2018-05-21 00:11:01] slim-app.INFO: Slim-Skeleton '/user/[{name}]' route [] {"uid":"86100b3"}
[2018-05-21 00:11:05] slim-app.INFO: Slim-Skeleton '/user/[{name}]' route [] {"uid":"a12cd2b"}
[2018-05-21 00:11:34] slim-app.INFO: Slim-Skeleton '/user/[{id}]' route [] {"uid":"28972e5"}
[2018-05-21 00:13:23] slim-app.INFO: Slim-Skeleton '/user/[{id}]' route [] {"uid":"c3fd50a"}
[2018-05-21 00:16:16] slim-app.INFO: Slim-Skeleton '/user/[{id}]' route [] {"uid":"1bc1fbd"}
[2018-05-21 00:16:23] slim-app.INFO: Slim-Skeleton '/user/[{id}]' route [] {"uid":"1f79a23"}
[2018-05-21 00:16:36] slim-app.INFO: Slim-Skeleton '/user/[{id}]' route [] {"uid":"4793cc7"}
[2018-05-21 00:17:07] slim-app.INFO: Slim-Skeleton '/user/[{id}]' route [] {"uid":"cc6a87f"}
[2018-05-21 00:17:19] slim-app.INFO: Slim-Skeleton '/user/[{id}]' route [] {"uid":"c342ea2"}
[2018-05-21 00:17:22] slim-app.INFO: Slim-Skeleton '/user/[{id}]' route [] {"uid":"32859fa"}
[2018-05-21 00:22:33] slim-app.INFO: Slim-Skeleton '/user/[{id}]' route [] {"uid":"5c54d05"}
[2018-05-21 00:22:45] slim-app.INFO: Slim-Skeleton '/user/[{id}]' route [] {"uid":"8bd9d97"}
[2018-05-21 00:24:43] slim-app.INFO: Slim-Skeleton '/user/[{id}]' route [] {"uid":"118d5d0"}
[2018-05-21 00:25:15] slim-app.INFO: Slim-Skeleton '/user/[{id}]' route [] {"uid":"fd94a5b"}
[2018-05-21 00:27:05] slim-app.INFO: Slim-Skeleton '/user/[{id}]' route [] {"uid":"68c3f00"}
[2018-05-21 00:27:12] slim-app.INFO: Slim-Skeleton '/user/[{id}]' route [] {"uid":"205081f"}
[2018-05-21 00:27:30] slim-app.INFO: Slim-Skeleton '/user/[{id}]' route [] {"uid":"2e9ad20"}
[2018-05-21 00:27:56] slim-app.INFO: Slim-Skeleton '/user/[{id}]' route [] {"uid":"e278fcb"}
[2018-05-21 00:28:14] slim-app.INFO: Slim-Skeleton '/user/[{id}]' route [] {"uid":"2d0277c"}
[2018-05-21 00:28:33] slim-app.INFO: Slim-Skeleton '/user/[{id}]' route [] {"uid":"e4752dc"}
[2018-05-21 00:29:23] slim-app.INFO: Slim-Skeleton '/user/[{id}]' route [] {"uid":"604b3df"}
[2018-05-21 00:31:52] slim-app.INFO: Slim-Skeleton '/user/[{id}]' route [] {"uid":"cfe6524"}
[2018-05-21 00:32:27] slim-app.INFO: Slim-Skeleton '/user/[{id}]' route [] {"uid":"102f0c6"}
[2018-05-21 00:34:47] slim-app.INFO: Slim-Skeleton '/user/[{id}]' route [] {"uid":"c490ff0"}
[2018-05-21 00:34:50] slim-app.INFO: Slim-Skeleton '/user/[{id}]' route [] {"uid":"1935f57"}
[2018-05-21 00:37:25] slim-app.INFO: Slim-Skeleton '/user/[{id}]' route [] {"uid":"3e82f25"}
[2018-05-21 00:37:29] slim-app.INFO: Slim-Skeleton '/user/[{id}]' route [] {"uid":"7e53cc6"}
[2018-05-21 00:38:52] slim-app.INFO: Slim-Skeleton '/user/[{id}]' route [] {"uid":"0d6c1e5"}
[2018-05-21 00:38:56] slim-app.INFO: Slim-Skeleton '/user/[{id}]' route [] {"uid":"f9b4d1c"}
[2018-05-21 00:40:12] slim-app.INFO: Slim-Skeleton '/user/[{id}]' route [] {"uid":"791ae47"}
[2018-05-21 00:40:18] slim-app.INFO: Slim-Skeleton '/user/[{id}]' route [] {"uid":"3a52a97"}
[2018-05-21 00:40:22] slim-app.INFO: Slim-Skeleton '/user/[{id}]' route [] {"uid":"e737542"}
[2018-05-21 00:40:23] slim-app.INFO: Slim-Skeleton '/user/[{id}]' route [] {"uid":"fe3c8b4"}
[2018-05-21 00:40:34] slim-app.INFO: Slim-Skeleton '/user/[{id}]' route [] {"uid":"96a0c20"}
[2018-05-21 00:40:40] slim-app.INFO: Slim-Skeleton '/user/[{id}]' route [] {"uid":"802c2e0"}
[2018-05-21 00:40:44] slim-app.INFO: Slim-Skeleton '/user/[{id}]' route [] {"uid":"d605a1c"}
[2018-05-21 00:40:45] slim-app.INFO: Slim-Skeleton '/user/[{id}]' route [] {"uid":"d9e10f8"}
[2018-05-21 00:42:41] slim-app.INFO: Slim-Skeleton '/user/[{id}]' route [] {"uid":"95a5f53"}
[2018-05-21 00:42:53] slim-app.INFO: Slim-Skeleton '/user/[{id}]' route [] {"uid":"5c3e8de"}
[2018-05-21 00:43:09] slim-app.INFO: Slim-Skeleton '/user/[{id}]' route [] {"uid":"b6e5b0e"}
[2018-05-21 00:43:17] slim-app.INFO: Slim-Skeleton '/user/[{id}]' route [] {"uid":"c7594aa"}
[2018-05-21 00:43:54] slim-app.INFO: Slim-Skeleton '/user/[{id}]' route [] {"uid":"9b2aefe"}
[2018-05-21 00:44:00] slim-app.INFO: Slim-Skeleton '/user/[{id}]' route [] {"uid":"898641d"}
[2018-05-21 00:49:18] slim-app.INFO: Slim-Skeleton '/user/[{id}]' route [] {"uid":"3cc4a2b"}
[2018-05-21 00:50:32] slim-app.INFO: Slim-Skeleton '/user/[{id}]' route [] {"uid":"784cb6c"}
[2018-05-21 00:50:39] slim-app.INFO: Slim-Skeleton '/user/[{id}]' route [] {"uid":"4432538"}
[2018-05-21 00:51:24] slim-app.INFO: Slim-Skeleton '/user/[{id}]' route [] {"uid":"e311c99"}
[2018-05-21 00:52:08] slim-app.INFO: Slim-Skeleton '/user/[{id}]' route [] {"uid":"def1d16"}
[2018-05-21 00:57:55] slim-app.INFO: Slim-Skeleton '/user/[{id}]' route [] {"uid":"4ab6dba"}
[2018-05-21 00:57:58] slim-app.INFO: Slim-Skeleton '/user/[{id}]' route [] {"uid":"4d02d4d"}
[2018-05-21 00:58:21] slim-app.INFO: Slim-Skeleton '/user/[{id}]' route [] {"uid":"3873bff"}
[2018-05-21 00:58:22] slim-app.INFO: Slim-Skeleton '/user/[{id}]' route [] {"uid":"719b0bc"}
[2018-05-21 01:00:47] slim-app.INFO: Slim-Skeleton '/user/[{id}]' route [] {"uid":"a59bb27"}
[2018-05-21 01:01:46] slim-app.INFO: Slim-Skeleton '/user/[{id}]' route [] {"uid":"efd9a61"}
[2018-05-21 01:02:07] slim-app.INFO: Slim-Skeleton '/user/[{id}]' route [] {"uid":"bd7ab87"}
[2018-05-21 01:02:24] slim-app.INFO: Slim-Skeleton '/user/[{id}]' route [] {"uid":"c9a83ec"}
[2018-05-21 01:02:53] slim-app.INFO: Slim-Skeleton '/user/[{id}]' route [] {"uid":"8104895"}
[2018-05-21 01:02:55] slim-app.INFO: Slim-Skeleton '/user/[{id}]' route [] {"uid":"c0034c5"}
[2018-05-21 01:03:59] slim-app.INFO: Slim-Skeleton '/user/[{id}]' route [] {"uid":"8bd5e51"}
[2018-05-21 01:04:42] slim-app.INFO: Slim-Skeleton '/user/[{id}]' route [] {"uid":"8fcd569"}
[2018-05-21 01:04:52] slim-app.INFO: Slim-Skeleton '/user/[{id}]' route [] {"uid":"00f3081"}
[2018-05-21 01:09:25] slim-app.INFO: Slim-Skeleton '/user/[{id}]' route [] {"uid":"10e75eb"}
[2018-05-21 01:09:52] slim-app.INFO: Slim-Skeleton '/user/[{id}]' route [] {"uid":"49fc1e7"}
[2018-05-21 01:09:58] slim-app.INFO: Slim-Skeleton '/user/[{id}]' route [] {"uid":"f60f7cb"}
[2018-05-21 01:10:12] slim-app.INFO: Slim-Skeleton '/user/[{id}]' route [] {"uid":"cf52071"}
[2018-05-21 01:53:00] slim-app.INFO: Slim-Skeleton '/user/[{id}]' route [] {"uid":"deff546"}
[2018-05-21 01:53:09] slim-app.INFO: Slim-Skeleton '/user/[{id}]' route [] {"uid":"a12a5e2"}
[2018-05-21 01:54:32] slim-app.INFO: Slim-Skeleton '/user/[{id}]' route [] {"uid":"94740cd"}
[2018-05-21 01:55:36] slim-app.INFO: Slim-Skeleton '/user/[{id}]' route [] {"uid":"987879a"}
[2018-05-21 01:58:17] slim-app.INFO: Slim-Skeleton '/user/[{id}]' route [] {"uid":"297618c"}
[2018-05-21 01:58:21] slim-app.INFO: Slim-Skeleton '/user/[{id}]' route [] {"uid":"7487a1a"}
[2018-05-21 01:58:23] slim-app.INFO: Slim-Skeleton '/user/[{id}]' route [] {"uid":"99f050c"}
[2018-05-21 01:59:10] slim-app.INFO: Slim-Skeleton '/user/[{id}]' route [] {"uid":"9b17e16"}
[2018-05-21 02:10:51] slim-app.INFO: Slim-Skeleton '/user/[{id}]' route [] {"uid":"a4881f7"}
[2018-05-21 02:11:03] slim-app.INFO: Slim-Skeleton '/user/[{id}]' route [] {"uid":"64da115"}
[2018-05-21 02:11:08] slim-app.INFO: Slim-Skeleton '/user/[{id}]' route [] {"uid":"231124a"}
[2018-05-21 02:11:33] slim-app.INFO: Slim-Skeleton '/user/[{id}]' route [] {"uid":"57a991e"}
[2018-05-21 19:33:34] slim-app.INFO: Slim-Skeleton '/user/[{id}]' route [] {"uid":"fbc770e"}
[2018-05-21 19:33:39] slim-app.INFO: Slim-Skeleton '/user/[{id}]' route [] {"uid":"5564826"}
[2018-05-21 19:33:57] slim-app.INFO: Slim-Skeleton '/user/[{id}]' route [] {"uid":"8a77004"}
[2018-05-21 19:34:24] slim-app.INFO: Slim-Skeleton '/user/[{id}]' route [] {"uid":"de1dc7a"}
[2018-05-21 19:34:31] slim-app.INFO: Slim-Skeleton '/user/[{id}]' route [] {"uid":"ee57c08"}
[2018-05-21 19:34:32] slim-app.INFO: Slim-Skeleton '/user/[{id}]' route [] {"uid":"a1f1bf2"}
[2018-05-21 19:34:33] slim-app.INFO: Slim-Skeleton '/user/[{id}]' route [] {"uid":"7f57713"}
[2018-05-21 19:36:45] slim-app.INFO: Slim-Skeleton '/user/[{id}]' route [] {"uid":"532f942"}
[2018-05-21 19:37:17] slim-app.INFO: Slim-Skeleton '/user/[{id}]' route [] {"uid":"745a77d"}
[2018-05-21 19:37:19] slim-app.INFO: Slim-Skeleton '/user/[{id}]' route [] {"uid":"2d822ee"}
[2018-05-21 19:37:20] slim-app.INFO: Slim-Skeleton '/user/[{id}]' route [] {"uid":"83934c5"}
[2018-05-21 19:37:21] slim-app.INFO: Slim-Skeleton '/user/[{id}]' route [] {"uid":"f6fddeb"}
[2018-05-21 19:40:08] slim-app.INFO: Slim-Skeleton '/user/[{id}]' route [] {"uid":"1ff15b4"}
